<?xml version="1.0" encoding="UTF-8"?>
<!-- Generated by org.testng.reporters.JUnitReportReporter -->
<testsuite hostname="TechAviator-PC" name="Scenario_Component.Scenario_Cart" tests="1" failures="0" timestamp="14 Aug 2016 05:39:32 GMT" time="64.455" errors="0">
  <testcase name="testDeleteCart" time="64.455" classname="Scenario_Component.Scenario_Cart"/>
</testsuite> <!-- Scenario_Component.Scenario_Cart -->
